{
  "stats": {
    "suites": 1,
    "tests": 1,
    "passes": 0,
    "pending": 0,
    "failures": 1,
    "start": "2025-07-24T08:01:43.196Z",
    "end": "2025-07-24T08:01:44.307Z",
    "duration": 1111,
    "testsRegistered": 2,
    "passPercent": 0,
    "pendingPercent": 0,
    "other": 0,
    "hasOther": false,
    "skipped": 1,
    "hasSkipped": true
  },
  "results": [
    {
      "uuid": "a3d8526f-a259-4c15-bd57-bead63345630",
      "title": "",
      "fullFile": "cypress\\e2e\\mes tests\\acceuil.cy.js",
      "file": "cypress\\e2e\\mes tests\\acceuil.cy.js",
      "beforeHooks": [],
      "afterHooks": [],
      "tests": [],
      "suites": [
        {
          "uuid": "41dad869-83e0-4245-aec8-ebf3681658ea",
          "title": "demoqa Homepage Tests",
          "fullFile": "",
          "file": "",
          "beforeHooks": [],
          "afterHooks": [],
          "tests": [
            {
              "title": "tester si le logo est visible",
              "fullTitle": "demoqa Homepage Tests tester si le logo est visible",
              "timedOut": null,
              "duration": 996,
              "state": "failed",
              "speed": null,
              "pass": false,
              "fail": true,
              "pending": false,
              "context": null,
              "code": "cy.get('.home-banner').should('be.visible');\ncy.wait(3000);",
              "err": {
                "message": "CypressError: `cy.visit()` failed trying to load:\n\nhttps://demoqa...com/\n\nWe attempted to make an http request to this URL but the request failed without a response.\n\nWe received this error at the network level:\n\n  > Error: getaddrinfo ENOTFOUND demoqa...com\n\nCommon situations why this would fail:\n  - you don't have internet access\n  - you forgot to run / boot your web server\n  - your web server isn't accessible\n  - you have weird network configuration settings on your computer\n\nBecause this error occurred during a `before each` hook we are skipping all of the remaining tests.",
                "estack": "CypressError: `cy.visit()` failed trying to load:\n\nhttps://demoqa...com/\n\nWe attempted to make an http request to this URL but the request failed without a response.\n\nWe received this error at the network level:\n\n  > Error: getaddrinfo ENOTFOUND demoqa...com\n\nCommon situations why this would fail:\n  - you don't have internet access\n  - you forgot to run / boot your web server\n  - your web server isn't accessible\n  - you have weird network configuration settings on your computer\n\nBecause this error occurred during a `before each` hook we are skipping all of the remaining tests.\n    at <unknown> (http://localhost:45271/__cypress/runner/cypress_runner.js:135059:74)\n    at visitFailedByErr (http://localhost:45271/__cypress/runner/cypress_runner.js:134449:12)\n    at <unknown> (http://localhost:45271/__cypress/runner/cypress_runner.js:135058:11)\n    at tryCatcher (http://localhost:45271/__cypress/runner/cypress_runner.js:1777:23)\n    at Promise._settlePromiseFromHandler (http://localhost:45271/__cypress/runner/cypress_runner.js:1489:31)\n    at Promise._settlePromise (http://localhost:45271/__cypress/runner/cypress_runner.js:1546:18)\n    at Promise._settlePromise0 (http://localhost:45271/__cypress/runner/cypress_runner.js:1591:10)\n    at Promise._settlePromises (http://localhost:45271/__cypress/runner/cypress_runner.js:1667:18)\n    at _drainQueueStep (http://localhost:45271/__cypress/runner/cypress_runner.js:2377:12)\n    at _drainQueue (http://localhost:45271/__cypress/runner/cypress_runner.js:2370:9)\n    at Async._drainQueues (http://localhost:45271/__cypress/runner/cypress_runner.js:2386:5)\n    at Async.drainQueues (http://localhost:45271/__cypress/runner/cypress_runner.js:2256:14)\nFrom Your Spec Code:\n    at Context.eval (webpack:///./cypress/e2e/mes tests/acceuil.cy.js:5:7)\n\nFrom Node.js Internals:\n  Error: getaddrinfo ENOTFOUND demoqa...com\n      at GetAddrInfoReqWrap.onlookupall [as oncomplete] (node:dns:120:26)",
                "diff": null
              },
              "uuid": "5897f593-e31a-470a-b79f-f89eecd50a9b",
              "parentUUID": "41dad869-83e0-4245-aec8-ebf3681658ea",
              "isHook": false,
              "skipped": false
            },
            {
              "title": "tester si les cartes de catégorie sont visibles",
              "fullTitle": "demoqa Homepage Tests tester si les cartes de catégorie sont visibles",
              "timedOut": null,
              "duration": 0,
              "state": "skipped",
              "speed": null,
              "pass": false,
              "fail": false,
              "pending": false,
              "context": null,
              "code": "cy.get('.category-cards').should('be.visible');\ncy.wait(1000);\ncy.get('.banner-image').should('be.visible');",
              "err": {},
              "uuid": "91aecf7a-a099-474e-a630-1add4246e8bf",
              "parentUUID": "41dad869-83e0-4245-aec8-ebf3681658ea",
              "isHook": false,
              "skipped": true
            }
          ],
          "suites": [],
          "passes": [],
          "failures": [
            "5897f593-e31a-470a-b79f-f89eecd50a9b"
          ],
          "pending": [],
          "skipped": [
            "91aecf7a-a099-474e-a630-1add4246e8bf"
          ],
          "duration": 996,
          "root": false,
          "rootEmpty": false,
          "_timeout": 2000
        }
      ],
      "passes": [],
      "failures": [],
      "pending": [],
      "skipped": [],
      "duration": 0,
      "root": true,
      "rootEmpty": true,
      "_timeout": 2000
    }
  ],
  "meta": {
    "mocha": {
      "version": "7.2.0"
    },
    "mochawesome": {
      "options": {
        "quiet": false,
        "reportFilename": "mochawesome",
        "saveHtml": false,
        "saveJson": true,
        "consoleReporter": "spec",
        "useInlineDiffs": false,
        "code": true
      },
      "version": "7.1.3"
    },
    "marge": {
      "options": {
        "reportDir": "cypress/results",
        "overwrite": false,
        "html": false,
        "json": true
      },
      "version": "6.2.0"
    }
  }
}